#
# There is insufficient memory for the Java Runtime Environment to continue.
# Native memory allocation (malloc) failed to allocate 1048576 bytes for AllocateHeap
# Possible reasons:
#   The system is out of physical RAM or swap space
#   In 32 bit mode, the process size limit was hit
# Possible solutions:
#   Reduce memory load on the system
#   Increase physical memory or swap space
#   Check if swap backing store is full
#   Use 64 bit Java on a 64 bit OS
#   Decrease Java heap size (-Xmx/-Xms)
#   Decrease number of Java threads
#   Decrease Java thread stack sizes (-Xss)
#   Set larger code cache with -XX:ReservedCodeCacheSize=
# This output file may be truncated or incomplete.
#
#  Out of Memory Error (memory/allocation.inline.hpp:61), pid=5404, tid=5276
#
# JRE version:  (8.0_91-b14) (build )
# Java VM: Java HotSpot(TM) 64-Bit Server VM (25.91-b14 mixed mode windows-amd64 compressed oops)
# Failed to write core dump. Minidumps are not enabled by default on client versions of Windows
#

---------------  T H R E A D  ---------------

Current thread (0x00000000026ed800):  JavaThread "Unknown thread" [_thread_in_vm, id=5276, stack(0x0000000000c90000,0x0000000000d90000)]

Stack: [0x0000000000c90000,0x0000000000d90000]
[error occurred during error reporting (printing stack bounds), id 0xc0000005]

Native frames: (J=compiled Java code, j=interpreted, Vv=VM code, C=native code)


---------------  P R O C E S S  ---------------

Java Threads: ( => current thread )

Other Threads:

=>0x00000000026ed800 (exited) JavaThread "Unknown thread" [_thread_in_vm, id=5276, stack(0x0000000000c90000,0x0000000000d90000)]

VM state:not at safepoint (normal execution)

VM Mutex/Monitor currently owned by a thread: None

Heap:
 PSYoungGen      total 18944K, used 327K [0x00000000eab00000, 0x00000000ec000000, 0x0000000100000000)
  eden space 16384K, 2% used [0x00000000eab00000,0x00000000eab51ec8,0x00000000ebb00000)
  from space 2560K, 0% used [0x00000000ebd80000,0x00000000ebd80000,0x00000000ec000000)
  to   space 2560K, 0% used [0x00000000ebb00000,0x00000000ebb00000,0x00000000ebd80000)
 ParOldGen       total 44032K, used 0K [0x00000000c0000000, 0x00000000c2b00000, 0x00000000eab00000)
  object space 44032K, 0% used [0x00000000c0000000,0x00000000c0000000,0x00000000c2b00000)
 Metaspace       used 769K, capacity 4480K, committed 4480K, reserved 1056768K
  class space    used 75K, capacity 384K, committed 384K, reserved 1048576K

Card table byte_map: [0x0000000011ab0000,0x0000000011cc0000] byte_map_base: 0x00000000114b0000

Marking Bits: (ParMarkBitMap*) 0x0000000068b72f70
 Begin Bits: [0x0000000012020000, 0x0000000013020000)
 End Bits:   [0x0000000013020000, 0x0000000014020000)

Polling page: 0x0000000000af0000

CodeCache: size=245760Kb used=327Kb max_used=327Kb free=245432Kb
 bounds [0x00000000026f0000, 0x0000000002960000, 0x00000000116f0000]
 total_blobs=57 nmethods=0 adapters=38
 compilation: enabled

Compilation events (0 events):
No events

GC Heap History (0 events):
No events

Deoptimization events (0 events):
No events

Internal exceptions (0 events):
No events

Events (10 events):
Event: 12.904 loading class java/lang/Short
Event: 12.904 loading class java/lang/Short done
Event: 12.904 loading class java/lang/Integer
Event: 12.904 loading class java/lang/Integer done
Event: 12.904 loading class java/lang/Long
Event: 12.904 loading class java/lang/Long done
Event: 12.906 loading class java/lang/NullPointerException
Event: 12.906 loading class java/lang/NullPointerException done
Event: 12.906 loading class java/lang/ArithmeticException
Event: 12.906 loading class java/lang/ArithmeticException done


Dynamic libraries:
0x00007ff65e000000 - 0x00007ff65e037000 	C:\Program Files\Java\jdk1.8.0_91\bin\java.exe
0x00007ff8721d0000 - 0x00007ff87237c000 	C:\Windows\SYSTEM32\ntdll.dll
0x00007ff86f1f0000 - 0x00007ff86f32e000 	C:\Windows\system32\KERNEL32.DLL
0x00007ff85ea00000 - 0x00007ff85ea33000 	C:\Program Files (x86)\AVG\Av\avghooka.dll
0x00007ff86e0b0000 - 0x00007ff86e1c5000 	C:\Windows\system32\KERNELBASE.dll
0x00007ff86c8d0000 - 0x00007ff86c95e000 	C:\Windows\system32\apphelp.dll
0x00007ff85d180000 - 0x00007ff85d1d3000 	C:\Windows\AppPatch\AppPatch64\AcGenral.DLL
0x00007ff86f070000 - 0x00007ff86f11a000 	C:\Windows\system32\msvcrt.dll
0x00007ff86ddb0000 - 0x00007ff86ddde000 	C:\Windows\SYSTEM32\SspiCli.dll
0x00007ff86f010000 - 0x00007ff86f064000 	C:\Windows\system32\SHLWAPI.dll
0x00007ff870a40000 - 0x00007ff870bb7000 	C:\Windows\system32\USER32.dll
0x00007ff86e700000 - 0x00007ff86e894000 	C:\Windows\system32\ole32.dll
0x00007ff86f390000 - 0x00007ff8708a8000 	C:\Windows\system32\SHELL32.dll
0x00007ff86d580000 - 0x00007ff86d5a1000 	C:\Windows\SYSTEM32\USERENV.dll
0x00007ff86f120000 - 0x00007ff86f1ca000 	C:\Windows\system32\ADVAPI32.dll
0x00007ff864480000 - 0x00007ff86449e000 	C:\Windows\SYSTEM32\MPR.dll
0x00007ff86eca0000 - 0x00007ff86ede1000 	C:\Windows\system32\RPCRT4.dll
0x00007ff86eb40000 - 0x00007ff86eb99000 	C:\Windows\SYSTEM32\sechost.dll
0x00007ff86edf0000 - 0x00007ff86f001000 	C:\Windows\SYSTEM32\combase.dll
0x00007ff8708b0000 - 0x00007ff870a01000 	C:\Windows\system32\GDI32.dll
0x00007ff86dfe0000 - 0x00007ff86dff5000 	C:\Windows\SYSTEM32\profapi.dll
0x00007ff86c810000 - 0x00007ff86c8c2000 	C:\Windows\SYSTEM32\SHCORE.dll
0x00007ff86eba0000 - 0x00007ff86ebd6000 	C:\Windows\system32\IMM32.DLL
0x00007ff86e9e0000 - 0x00007ff86eb31000 	C:\Windows\system32\MSCTF.dll
0x00007ff86c390000 - 0x00007ff86c60b000 	C:\Windows\WinSxS\amd64_microsoft.windows.common-controls_6595b64144ccf1df_6.0.9600.17784_none_624760d1ecb7236e\COMCTL32.dll
0x0000000067ee0000 - 0x0000000067fb2000 	C:\Program Files\Java\jdk1.8.0_91\jre\bin\msvcr100.dll
0x0000000068360000 - 0x0000000068bf3000 	C:\Program Files\Java\jdk1.8.0_91\jre\bin\server\jvm.dll
0x00007ff864050000 - 0x00007ff864059000 	C:\Windows\SYSTEM32\WSOCK32.dll
0x00007ff8643d0000 - 0x00007ff8643f2000 	C:\Windows\SYSTEM32\WINMM.dll
0x00007ff866700000 - 0x00007ff86670a000 	C:\Windows\SYSTEM32\VERSION.dll
0x00007ff870a20000 - 0x00007ff870a27000 	C:\Windows\system32\PSAPI.DLL
0x00007ff870d70000 - 0x00007ff870dca000 	C:\Windows\system32\WS2_32.dll
0x00007ff8643a0000 - 0x00007ff8643ca000 	C:\Windows\SYSTEM32\WINMMBASE.dll
0x00007ff870a10000 - 0x00007ff870a19000 	C:\Windows\system32\NSI.dll
0x00007ff86e4c0000 - 0x00007ff86e50f000 	C:\Windows\SYSTEM32\cfgmgr32.dll
0x00007ff86cdf0000 - 0x00007ff86ce18000 	C:\Windows\SYSTEM32\DEVOBJ.dll
0x0000000068350000 - 0x000000006835f000 	C:\Program Files\Java\jdk1.8.0_91\jre\bin\verify.dll
0x0000000068320000 - 0x0000000068349000 	C:\Program Files\Java\jdk1.8.0_91\jre\bin\java.dll
0x0000000068300000 - 0x0000000068316000 	C:\Program Files\Java\jdk1.8.0_91\jre\bin\zip.dll

VM Arguments:
jvm_args: -Djava.awt.headless=true -Xmx1024M -Dfile.encoding=windows-1252 -Duser.country=US -Duser.language=en -Duser.variant 
java_command: com.android.dx.command.Main --dex --num-threads=4 --output C:\Users\Usuario\Desktop\Ferd\udacity\Android\Library\app\build\intermediates\pre-dexed\release\internal_impl-23.3.0_846a6ff5dc28bf20c52b8a674942d1d89cd576af.jar C:\Users\Usuario\Desktop\Ferd\udacity\Android\Library\app\build\intermediates\exploded-aar\com.android.support\support-v4\23.3.0\jars\libs\internal_impl-23.3.0.jar
java_class_path (initial): C:\AndroidSDK\build-tools\23.0.3\lib\dx.jar
Launcher Type: SUN_STANDARD

Environment Variables:
JAVA_HOME=C:\Program Files\Java\jdk1.8.0_91
CLASSPATH=C:\gradle-3.0\bin\..\lib\gradle-launcher-3.0.jar
PATH=C:\ProgramData\Oracle\Java\javapath;C:\Windows\system32;C:\Windows;C:\Windows\System32\Wbem;C:\Windows\System32\WindowsPowerShell\v1.0\;C:\adb;C:\Program Files\Calibre2\;C:\Program Files (x86)\Skype\Phone\;C:\Program Files\Git\cmd;C:\Program Files (x86)\GtkSharp\2.12\bin;C:\gradle-3.0\bin\;C:\Ruby22-x64\bin;C:\Users\Usuario\AppData\Local\atom\bin
USERNAME=Usuario
OS=Windows_NT
PROCESSOR_IDENTIFIER=Intel64 Family 6 Model 55 Stepping 8, GenuineIntel



---------------  S Y S T E M  ---------------

OS: Windows 8.1 , 64 bit Build 9600 (6.3.9600.17415)

CPU:total 2 (2 cores per cpu, 1 threads per core) family 6 model 55 stepping 8, cmov, cx8, fxsr, mmx, sse, sse2, sse3, ssse3, sse4.1, sse4.2, popcnt, clmul, erms, 3dnowpref, tsc, tscinvbit

Memory: 4k page, physical 4074276k(107860k free), swap 7220004k(6012k free)

vm_info: Java HotSpot(TM) 64-Bit Server VM (25.91-b14) for windows-amd64 JRE (1.8.0_91-b14), built on Apr  1 2016 00:58:32 by "java_re" with MS VC++ 10.0 (VS2010)

time: Sat Aug 20 12:50:22 2016
elapsed time: 13 seconds (0d 0h 0m 13s)

